Netgen 1.5.255 compiled on Wed Mar 27 07:51:44 PM CET 2024
Warning: netgen command 'format' use fully-qualified name '::netgen::format'
Warning: netgen command 'global' use fully-qualified name '::netgen::global'
Reading netlist file /foss/designs/sky130_hcmus_ip__instramp/xschem/IA_v4.ext.spc
Call to undefined subcircuit sky130_fd_pr__res_high_po_0p69
Creating placeholder cell definition.
Call to undefined subcircuit sky130_fd_pr__nfet_g5v0d10v5
Creating placeholder cell definition.
Call to undefined subcircuit sky130_fd_pr__pfet_g5v0d10v5
Creating placeholder cell definition.
Call to undefined subcircuit sky130_fd_pr__cap_mim_m3_1
Creating placeholder cell definition.
Reading netlist file /foss/designs/sky130_hcmus_ip__instramp/xschem/IA_v4.sch.spc
Call to undefined subcircuit opamp
Creating placeholder cell definition.
Call to undefined subcircuit RB_array_20
Creating placeholder cell definition.
Call to undefined subcircuit sky130_fd_pr__res_high_po_0p69
Creating placeholder cell definition.
Call to undefined subcircuit sky130_fd_pr__nfet_g5v0d10v5
Creating placeholder cell definition.
Call to undefined subcircuit sky130_fd_pr__pfet_g5v0d10v5
Creating placeholder cell definition.
Call to undefined subcircuit sky130_fd_pr__cap_mim_m3_1
Creating placeholder cell definition.

Reading setup file /foss/pdks/sky130A/libs.tech/netgen/sky130A_setup.tcl

Model sky130_fd_pr__res_high_po_0p69 pin 1 == 2
No property w found for device sky130_fd_pr__res_high_po_0p69
No property w found for device sky130_fd_pr__res_high_po_0p69
No property value found for device sky130_fd_pr__res_high_po_0p69
No property w found for device sky130_fd_pr__res_high_po_0p69
No property mult found for device sky130_fd_pr__res_high_po_0p69
Model sky130_fd_pr__res_high_po_0p69 pin 1 == 2
No property w found for device sky130_fd_pr__res_high_po_0p69
No property w found for device sky130_fd_pr__res_high_po_0p69
No property value found for device sky130_fd_pr__res_high_po_0p69
No property w found for device sky130_fd_pr__res_high_po_0p69
Model sky130_fd_pr__nfet_g5v0d10v5 pin 1 == 3
No property mult found for device sky130_fd_pr__nfet_g5v0d10v5
No property sa found for device sky130_fd_pr__nfet_g5v0d10v5
No property sb found for device sky130_fd_pr__nfet_g5v0d10v5
No property sd found for device sky130_fd_pr__nfet_g5v0d10v5
No property nf found for device sky130_fd_pr__nfet_g5v0d10v5
No property nrd found for device sky130_fd_pr__nfet_g5v0d10v5
No property nrs found for device sky130_fd_pr__nfet_g5v0d10v5
No property area found for device sky130_fd_pr__nfet_g5v0d10v5
No property perim found for device sky130_fd_pr__nfet_g5v0d10v5
No property topography found for device sky130_fd_pr__nfet_g5v0d10v5
Model sky130_fd_pr__nfet_g5v0d10v5 pin 1 == 3
No property as found for device sky130_fd_pr__nfet_g5v0d10v5
No property ad found for device sky130_fd_pr__nfet_g5v0d10v5
No property ps found for device sky130_fd_pr__nfet_g5v0d10v5
No property pd found for device sky130_fd_pr__nfet_g5v0d10v5
No property mult found for device sky130_fd_pr__nfet_g5v0d10v5
No property sa found for device sky130_fd_pr__nfet_g5v0d10v5
No property sb found for device sky130_fd_pr__nfet_g5v0d10v5
No property sd found for device sky130_fd_pr__nfet_g5v0d10v5
No property nrd found for device sky130_fd_pr__nfet_g5v0d10v5
No property nrs found for device sky130_fd_pr__nfet_g5v0d10v5
No property area found for device sky130_fd_pr__nfet_g5v0d10v5
No property perim found for device sky130_fd_pr__nfet_g5v0d10v5
No property topography found for device sky130_fd_pr__nfet_g5v0d10v5
Model sky130_fd_pr__pfet_g5v0d10v5 pin 1 == 3
No property mult found for device sky130_fd_pr__pfet_g5v0d10v5
No property sa found for device sky130_fd_pr__pfet_g5v0d10v5
No property sb found for device sky130_fd_pr__pfet_g5v0d10v5
No property sd found for device sky130_fd_pr__pfet_g5v0d10v5
No property nf found for device sky130_fd_pr__pfet_g5v0d10v5
No property nrd found for device sky130_fd_pr__pfet_g5v0d10v5
No property nrs found for device sky130_fd_pr__pfet_g5v0d10v5
No property area found for device sky130_fd_pr__pfet_g5v0d10v5
No property perim found for device sky130_fd_pr__pfet_g5v0d10v5
No property topography found for device sky130_fd_pr__pfet_g5v0d10v5
Model sky130_fd_pr__pfet_g5v0d10v5 pin 1 == 3
No property as found for device sky130_fd_pr__pfet_g5v0d10v5
No property ad found for device sky130_fd_pr__pfet_g5v0d10v5
No property ps found for device sky130_fd_pr__pfet_g5v0d10v5
No property pd found for device sky130_fd_pr__pfet_g5v0d10v5
No property mult found for device sky130_fd_pr__pfet_g5v0d10v5
No property sa found for device sky130_fd_pr__pfet_g5v0d10v5
No property sb found for device sky130_fd_pr__pfet_g5v0d10v5
No property sd found for device sky130_fd_pr__pfet_g5v0d10v5
No property nrd found for device sky130_fd_pr__pfet_g5v0d10v5
No property nrs found for device sky130_fd_pr__pfet_g5v0d10v5
No property area found for device sky130_fd_pr__pfet_g5v0d10v5
No property perim found for device sky130_fd_pr__pfet_g5v0d10v5
No property topography found for device sky130_fd_pr__pfet_g5v0d10v5
No property area found for device sky130_fd_pr__cap_mim_m3_1
No property value found for device sky130_fd_pr__cap_mim_m3_1
No property mult found for device sky130_fd_pr__cap_mim_m3_1
No property perim found for device sky130_fd_pr__cap_mim_m3_1
No property mf found for device sky130_fd_pr__cap_mim_m3_1
No property area found for device sky130_fd_pr__cap_mim_m3_1
No property value found for device sky130_fd_pr__cap_mim_m3_1
No property mult found for device sky130_fd_pr__cap_mim_m3_1
No property perim found for device sky130_fd_pr__cap_mim_m3_1
No property mf found for device sky130_fd_pr__cap_mim_m3_1
Comparison output logged to file /foss/designs/sky130_hcmus_ip__instramp/xschem/IA_v4.lvs.out
Logging to file "/foss/designs/sky130_hcmus_ip__instramp/xschem/IA_v4.lvs.out" enabled
Circuit sky130_fd_pr__res_high_po_0p69 contains no devices.
Circuit sky130_fd_pr__nfet_g5v0d10v5 contains no devices.
Circuit sky130_fd_pr__pfet_g5v0d10v5 contains no devices.
Circuit sky130_fd_pr__cap_mim_m3_1 contains no devices.

Contents of circuit 1:  Circuit: 'RB_array_20'
Circuit RB_array_20 contains 62 device instances.
  Class: sky130_fd_pr__nfet_g5v0d10v5 instances:  30
  Class: sky130_fd_pr__res_high_po_0p69 instances:  32
Circuit contains 15 nets.
Contents of circuit 2:  Circuit: 'RB_array_20'
Circuit RB_array_20 contains 18 device instances.
  Class: vsrc                  instances:   6
  Class: sky130_fd_pr__nfet_g5v0d10v5 instances:   6
  Class: sky130_fd_pr__res_high_po_0p69 instances:   6
Circuit contains 21 nets.

Flattened mismatched instances and attempting compare again.

Contents of circuit 1:  Circuit: 'RB_array_20'
Circuit RB_array_20 contains 62 device instances.
  Class: sky130_fd_pr__nfet_g5v0d10v5 instances:  30
  Class: sky130_fd_pr__res_high_po_0p69 instances:  32
Circuit contains 15 nets.
Contents of circuit 2:  Circuit: 'RB_array_20'
Circuit RB_array_20 contains 12 device instances.
  Class: sky130_fd_pr__nfet_g5v0d10v5 instances:   6
  Class: sky130_fd_pr__res_high_po_0p69 instances:   6
Circuit contains 15 nets.

Circuit was modified by parallel/series device merging.
New circuit summary:

Contents of circuit 1:  Circuit: 'RB_array_20'
Circuit RB_array_20 contains 12 device instances.
  Class: sky130_fd_pr__nfet_g5v0d10v5 instances:   6
  Class: sky130_fd_pr__res_high_po_0p69 instances:   6
Circuit contains 15 nets.
Contents of circuit 2:  Circuit: 'RB_array_20'
Circuit RB_array_20 contains 12 device instances.
  Class: sky130_fd_pr__nfet_g5v0d10v5 instances:   6
  Class: sky130_fd_pr__res_high_po_0p69 instances:   6
Circuit contains 15 nets.

Circuit 1 contains 12 devices, Circuit 2 contains 12 devices.
Circuit 1 contains 15 nets,    Circuit 2 contains 15 nets.


Contents of circuit 1:  Circuit: 'opamp'
Circuit opamp contains 16 device instances.
  Class: sky130_fd_pr__cap_mim_m3_1 instances:   1
  Class: sky130_fd_pr__nfet_g5v0d10v5 instances:   6
  Class: sky130_fd_pr__res_high_po_0p69 instances:   1
  Class: sky130_fd_pr__pfet_g5v0d10v5 instances:   8
Circuit contains 10 nets.
Contents of circuit 2:  Circuit: 'opamp'
Circuit opamp contains 14 device instances.
  Class: sky130_fd_pr__cap_mim_m3_1 instances:   1
  Class: vsrc                  instances:   3
  Class: sky130_fd_pr__nfet_g5v0d10v5 instances:   6
  Class: sky130_fd_pr__res_high_po_0p69 instances:   1
  Class: sky130_fd_pr__pfet_g5v0d10v5 instances:   3
Circuit contains 13 nets.

Flattened mismatched instances and attempting compare again.

Contents of circuit 1:  Circuit: 'opamp'
Circuit opamp contains 16 device instances.
  Class: sky130_fd_pr__cap_mim_m3_1 instances:   1
  Class: sky130_fd_pr__nfet_g5v0d10v5 instances:   6
  Class: sky130_fd_pr__res_high_po_0p69 instances:   1
  Class: sky130_fd_pr__pfet_g5v0d10v5 instances:   8
Circuit contains 10 nets.
Contents of circuit 2:  Circuit: 'opamp'
Circuit opamp contains 11 device instances.
  Class: sky130_fd_pr__cap_mim_m3_1 instances:   1
  Class: sky130_fd_pr__nfet_g5v0d10v5 instances:   6
  Class: sky130_fd_pr__res_high_po_0p69 instances:   1
  Class: sky130_fd_pr__pfet_g5v0d10v5 instances:   3
Circuit contains 10 nets.

Circuit was modified by parallel/series device merging.
New circuit summary:

Contents of circuit 1:  Circuit: 'opamp'
Circuit opamp contains 11 device instances.
  Class: sky130_fd_pr__cap_mim_m3_1 instances:   1
  Class: sky130_fd_pr__nfet_g5v0d10v5 instances:   6
  Class: sky130_fd_pr__res_high_po_0p69 instances:   1
  Class: sky130_fd_pr__pfet_g5v0d10v5 instances:   3
Circuit contains 10 nets.
Contents of circuit 2:  Circuit: 'opamp'
Circuit opamp contains 11 device instances.
  Class: sky130_fd_pr__cap_mim_m3_1 instances:   1
  Class: sky130_fd_pr__nfet_g5v0d10v5 instances:   6
  Class: sky130_fd_pr__res_high_po_0p69 instances:   1
  Class: sky130_fd_pr__pfet_g5v0d10v5 instances:   3
Circuit contains 10 nets.

Circuit 1 contains 11 devices, Circuit 2 contains 11 devices.
Circuit 1 contains 10 nets,    Circuit 2 contains 10 nets.


Contents of circuit 1:  Circuit: 'IA_v4'
Circuit IA_v4 contains 201 device instances.
  Class: opamp                 instances:   5
  Class: sky130_fd_pr__res_high_po_0p69 instances: 192
  Class: RB_array_20           instances:   4
Circuit contains 24 nets.
Contents of circuit 2:  Circuit: 'IA_v4'
Circuit IA_v4 contains 12 device instances.
  Class: opamp                 instances:   5
  Class: sky130_fd_pr__res_high_po_0p69 instances:   3
  Class: RB_array_20           instances:   4
Circuit contains 24 nets.

Circuit was modified by parallel/series device merging.
New circuit summary:

Contents of circuit 1:  Circuit: 'IA_v4'
Circuit IA_v4 contains 12 device instances.
  Class: opamp                 instances:   5
  Class: sky130_fd_pr__res_high_po_0p69 instances:   3
  Class: RB_array_20           instances:   4
Circuit contains 24 nets.
Contents of circuit 2:  Circuit: 'IA_v4'
Circuit IA_v4 contains 12 device instances.
  Class: opamp                 instances:   5
  Class: sky130_fd_pr__res_high_po_0p69 instances:   3
  Class: RB_array_20           instances:   4
Circuit contains 24 nets.

Circuit 1 contains 12 devices, Circuit 2 contains 12 devices.
Circuit 1 contains 24 nets,    Circuit 2 contains 24 nets.


Final result: 
Circuits match uniquely.
.
Logging to file "/foss/designs/sky130_hcmus_ip__instramp/xschem/IA_v4.lvs.out" disabled
LVS Done.
