Netgen 1.5.255 compiled on Wed Mar 27 07:51:44 PM CET 2024
Warning: netgen command 'format' use fully-qualified name '::netgen::format'
Warning: netgen command 'global' use fully-qualified name '::netgen::global'
Reading netlist file /foss/designs/sky130_hcmus_ip__instramp/xschem/multiplier.ext.spc
Call to undefined subcircuit sky130_fd_pr__nfet_g5v0d10v5
Creating placeholder cell definition.
Reading netlist file /foss/designs/sky130_hcmus_ip__instramp/xschem/multiplier.sch.spc
Call to undefined subcircuit sky130_fd_pr__nfet_g5v0d10v5
Creating placeholder cell definition.

Reading setup file /foss/pdks/sky130A/libs.tech/netgen/sky130A_setup.tcl

Model sky130_fd_pr__nfet_g5v0d10v5 pin 1 == 3
No property mult found for device sky130_fd_pr__nfet_g5v0d10v5
No property sa found for device sky130_fd_pr__nfet_g5v0d10v5
No property sb found for device sky130_fd_pr__nfet_g5v0d10v5
No property sd found for device sky130_fd_pr__nfet_g5v0d10v5
No property nf found for device sky130_fd_pr__nfet_g5v0d10v5
No property nrd found for device sky130_fd_pr__nfet_g5v0d10v5
No property nrs found for device sky130_fd_pr__nfet_g5v0d10v5
No property area found for device sky130_fd_pr__nfet_g5v0d10v5
No property perim found for device sky130_fd_pr__nfet_g5v0d10v5
No property topography found for device sky130_fd_pr__nfet_g5v0d10v5
Model sky130_fd_pr__nfet_g5v0d10v5 pin 1 == 3
No property as found for device sky130_fd_pr__nfet_g5v0d10v5
No property ad found for device sky130_fd_pr__nfet_g5v0d10v5
No property ps found for device sky130_fd_pr__nfet_g5v0d10v5
No property pd found for device sky130_fd_pr__nfet_g5v0d10v5
No property mult found for device sky130_fd_pr__nfet_g5v0d10v5
No property sa found for device sky130_fd_pr__nfet_g5v0d10v5
No property sb found for device sky130_fd_pr__nfet_g5v0d10v5
No property sd found for device sky130_fd_pr__nfet_g5v0d10v5
No property nrd found for device sky130_fd_pr__nfet_g5v0d10v5
No property nrs found for device sky130_fd_pr__nfet_g5v0d10v5
No property area found for device sky130_fd_pr__nfet_g5v0d10v5
No property perim found for device sky130_fd_pr__nfet_g5v0d10v5
No property topography found for device sky130_fd_pr__nfet_g5v0d10v5
Comparison output logged to file /foss/designs/sky130_hcmus_ip__instramp/xschem/multiplier.lvs.out
Logging to file "/foss/designs/sky130_hcmus_ip__instramp/xschem/multiplier.lvs.out" enabled
Circuit sky130_fd_pr__nfet_g5v0d10v5 contains no devices.

Contents of circuit 1:  Circuit: 'multiplier'
Circuit multiplier contains 4 device instances.
  Class: sky130_fd_pr__nfet_g5v0d10v5 instances:   4
Circuit contains 4 nets.
Contents of circuit 2:  Circuit: 'multiplier'
Circuit multiplier contains 1 device instances.
  Class: sky130_fd_pr__nfet_g5v0d10v5 instances:   1
Circuit contains 4 nets.

Circuit was modified by parallel/series device merging.
New circuit summary:

Contents of circuit 1:  Circuit: 'multiplier'
Circuit multiplier contains 1 device instances.
  Class: sky130_fd_pr__nfet_g5v0d10v5 instances:   1
Circuit contains 4 nets.
Contents of circuit 2:  Circuit: 'multiplier'
Circuit multiplier contains 1 device instances.
  Class: sky130_fd_pr__nfet_g5v0d10v5 instances:   1
Circuit contains 4 nets.

Circuit 1 contains 1 devices, Circuit 2 contains 1 devices.
Circuit 1 contains 4 nets,    Circuit 2 contains 4 nets.


Final result: 
Circuits match uniquely.
.
Logging to file "/foss/designs/sky130_hcmus_ip__instramp/xschem/multiplier.lvs.out" disabled
LVS Done.
