
Circuit 1 cell sky130_fd_pr__nfet_g5v0d10v5 and Circuit 2 cell sky130_fd_pr__nfet_g5v0d10v5 are black boxes.
Warning: Equate pins:  cell sky130_fd_pr__nfet_g5v0d10v5 is a placeholder, treated as a black box.
Warning: Equate pins:  cell sky130_fd_pr__nfet_g5v0d10v5 is a placeholder, treated as a black box.

Subcircuit pins:
Circuit 1: sky130_fd_pr__nfet_g5v0d10v5    |Circuit 2: sky130_fd_pr__nfet_g5v0d10v5    
-------------------------------------------|-------------------------------------------
1                                          |1                                          
2                                          |2                                          
3                                          |3                                          
4                                          |4                                          
---------------------------------------------------------------------------------------
Cell pin lists are equivalent.
Device classes sky130_fd_pr__nfet_g5v0d10v5 and sky130_fd_pr__nfet_g5v0d10v5 are equivalent.
Flattening unmatched subcell sky130_fd_pr__nfet_g5v0d10v5_RVEQ2N in circuit multiplier (0)(1 instance)

Class multiplier (0):  Merged 3 parallel devices.
Subcircuit summary:
Circuit 1: multiplier                      |Circuit 2: multiplier                      
-------------------------------------------|-------------------------------------------
sky130_fd_pr__nfet_g5v0d10v5 (4->1)        |sky130_fd_pr__nfet_g5v0d10v5 (4->1)        
Number of devices: 1                       |Number of devices: 1                       
Number of nets: 4                          |Number of nets: 4                          
---------------------------------------------------------------------------------------
Resolving symmetries by property value.
Resolving symmetries by pin name.
Netlists match uniquely.

Subcircuit pins:
Circuit 1: multiplier                      |Circuit 2: multiplier                      
-------------------------------------------|-------------------------------------------
G                                          |G                                          
D                                          |D                                          
S                                          |S                                          
B                                          |B                                          
---------------------------------------------------------------------------------------
Cell pin lists are equivalent.
Device classes multiplier and multiplier are equivalent.

Final result: Circuits match uniquely.
.
